  Admin.cpp
  Bill.cpp
C:\Users\cloop\3D Objects\2022-spring-ee-oop-week9-semester-project-group-f\Restaurant Management System\Order.h(19,10): error C2039: 'vector': is not a member of 'std'
C:\Program Files\Microsoft Visual Studio\2022\Community\VC\Tools\MSVC\14.31.31103\include\fstream(26): message : see declaration of 'std'
C:\Users\cloop\3D Objects\2022-spring-ee-oop-week9-semester-project-group-f\Restaurant Management System\Order.h(19,16): error C2143: syntax error: missing ';' before '<'
C:\Users\cloop\3D Objects\2022-spring-ee-oop-week9-semester-project-group-f\Restaurant Management System\Order.h(19,16): error C4430: missing type specifier - int assumed. Note: C++ does not support default-int
C:\Users\cloop\3D Objects\2022-spring-ee-oop-week9-semester-project-group-f\Restaurant Management System\Order.h(19,52): error C4430: missing type specifier - int assumed. Note: C++ does not support default-int
C:\Users\cloop\3D Objects\2022-spring-ee-oop-week9-semester-project-group-f\Restaurant Management System\Order.h(19,46): error C2146: syntax error: missing '>' before identifier 'Waiter'
C:\Users\cloop\3D Objects\2022-spring-ee-oop-week9-semester-project-group-f\Restaurant Management System\Order.h(19,63): error C2334: unexpected token(s) preceding '{'; skipping apparent function body
C:\Users\cloop\3D Objects\2022-spring-ee-oop-week9-semester-project-group-f\Restaurant Management System\Order.h(20,32): error C4430: missing type specifier - int assumed. Note: C++ does not support default-int
C:\Users\cloop\3D Objects\2022-spring-ee-oop-week9-semester-project-group-f\Restaurant Management System\Order.h(20,32): error C2143: syntax error: missing ',' before '&'
C:\Users\cloop\3D Objects\2022-spring-ee-oop-week9-semester-project-group-f\Restaurant Management System\Order.h(22,9): error C2065: 'm_waiter': undeclared identifier
C:\Users\cloop\3D Objects\2022-spring-ee-oop-week9-semester-project-group-f\Restaurant Management System\Order.h(22,28): error C2065: 'waiter': undeclared identifier
  Menu.cpp
C:\Users\cloop\3D Objects\2022-spring-ee-oop-week9-semester-project-group-f\Restaurant Management System\Order.h(19,10): error C2039: 'vector': is not a member of 'std'
C:\Program Files\Microsoft Visual Studio\2022\Community\VC\Tools\MSVC\14.31.31103\include\fstream(26): message : see declaration of 'std'
C:\Users\cloop\3D Objects\2022-spring-ee-oop-week9-semester-project-group-f\Restaurant Management System\Order.h(19,16): error C2143: syntax error: missing ';' before '<'
C:\Users\cloop\3D Objects\2022-spring-ee-oop-week9-semester-project-group-f\Restaurant Management System\Order.h(19,16): error C4430: missing type specifier - int assumed. Note: C++ does not support default-int
C:\Users\cloop\3D Objects\2022-spring-ee-oop-week9-semester-project-group-f\Restaurant Management System\Order.h(19,52): error C4430: missing type specifier - int assumed. Note: C++ does not support default-int
C:\Users\cloop\3D Objects\2022-spring-ee-oop-week9-semester-project-group-f\Restaurant Management System\Order.h(19,46): error C2146: syntax error: missing '>' before identifier 'Waiter'
C:\Users\cloop\3D Objects\2022-spring-ee-oop-week9-semester-project-group-f\Restaurant Management System\Order.h(19,63): error C2334: unexpected token(s) preceding '{'; skipping apparent function body
C:\Users\cloop\3D Objects\2022-spring-ee-oop-week9-semester-project-group-f\Restaurant Management System\Order.h(20,32): error C4430: missing type specifier - int assumed. Note: C++ does not support default-int
C:\Users\cloop\3D Objects\2022-spring-ee-oop-week9-semester-project-group-f\Restaurant Management System\Order.h(20,32): error C2143: syntax error: missing ',' before '&'
C:\Users\cloop\3D Objects\2022-spring-ee-oop-week9-semester-project-group-f\Restaurant Management System\Order.h(22,9): error C2065: 'm_waiter': undeclared identifier
C:\Users\cloop\3D Objects\2022-spring-ee-oop-week9-semester-project-group-f\Restaurant Management System\Order.h(22,28): error C2065: 'waiter': undeclared identifier
  Order.cpp
C:\Users\cloop\3D Objects\2022-spring-ee-oop-week9-semester-project-group-f\Restaurant Management System\Order.h(19,10): error C2039: 'vector': is not a member of 'std'
C:\Program Files\Microsoft Visual Studio\2022\Community\VC\Tools\MSVC\14.31.31103\include\fstream(26): message : see declaration of 'std'
C:\Users\cloop\3D Objects\2022-spring-ee-oop-week9-semester-project-group-f\Restaurant Management System\Order.h(19,16): error C2143: syntax error: missing ';' before '<'
C:\Users\cloop\3D Objects\2022-spring-ee-oop-week9-semester-project-group-f\Restaurant Management System\Order.h(19,16): error C4430: missing type specifier - int assumed. Note: C++ does not support default-int
C:\Users\cloop\3D Objects\2022-spring-ee-oop-week9-semester-project-group-f\Restaurant Management System\Order.h(19,52): error C4430: missing type specifier - int assumed. Note: C++ does not support default-int
C:\Users\cloop\3D Objects\2022-spring-ee-oop-week9-semester-project-group-f\Restaurant Management System\Order.h(19,46): error C2146: syntax error: missing '>' before identifier 'Waiter'
C:\Users\cloop\3D Objects\2022-spring-ee-oop-week9-semester-project-group-f\Restaurant Management System\Order.h(19,63): error C2334: unexpected token(s) preceding '{'; skipping apparent function body
C:\Users\cloop\3D Objects\2022-spring-ee-oop-week9-semester-project-group-f\Restaurant Management System\Order.h(20,32): error C4430: missing type specifier - int assumed. Note: C++ does not support default-int
C:\Users\cloop\3D Objects\2022-spring-ee-oop-week9-semester-project-group-f\Restaurant Management System\Order.h(20,32): error C2143: syntax error: missing ',' before '&'
C:\Users\cloop\3D Objects\2022-spring-ee-oop-week9-semester-project-group-f\Restaurant Management System\Order.h(22,9): error C2065: 'm_waiter': undeclared identifier
C:\Users\cloop\3D Objects\2022-spring-ee-oop-week9-semester-project-group-f\Restaurant Management System\Order.h(22,28): error C2065: 'waiter': undeclared identifier
  Reserve.cpp
  Restaurant Management System.cpp
C:\Users\cloop\3D Objects\2022-spring-ee-oop-week9-semester-project-group-f\Restaurant Management System\Order.h(19,10): error C2039: 'vector': is not a member of 'std'
C:\Program Files\Microsoft Visual Studio\2022\Community\VC\Tools\MSVC\14.31.31103\include\fstream(26): message : see declaration of 'std'
C:\Users\cloop\3D Objects\2022-spring-ee-oop-week9-semester-project-group-f\Restaurant Management System\Order.h(19,16): error C2143: syntax error: missing ';' before '<'
C:\Users\cloop\3D Objects\2022-spring-ee-oop-week9-semester-project-group-f\Restaurant Management System\Order.h(19,16): error C4430: missing type specifier - int assumed. Note: C++ does not support default-int
C:\Users\cloop\3D Objects\2022-spring-ee-oop-week9-semester-project-group-f\Restaurant Management System\Order.h(19,52): error C4430: missing type specifier - int assumed. Note: C++ does not support default-int
C:\Users\cloop\3D Objects\2022-spring-ee-oop-week9-semester-project-group-f\Restaurant Management System\Order.h(19,46): error C2146: syntax error: missing '>' before identifier 'Waiter'
C:\Users\cloop\3D Objects\2022-spring-ee-oop-week9-semester-project-group-f\Restaurant Management System\Order.h(19,63): error C2334: unexpected token(s) preceding '{'; skipping apparent function body
C:\Users\cloop\3D Objects\2022-spring-ee-oop-week9-semester-project-group-f\Restaurant Management System\Order.h(20,32): error C4430: missing type specifier - int assumed. Note: C++ does not support default-int
C:\Users\cloop\3D Objects\2022-spring-ee-oop-week9-semester-project-group-f\Restaurant Management System\Order.h(20,32): error C2143: syntax error: missing ',' before '&'
C:\Users\cloop\3D Objects\2022-spring-ee-oop-week9-semester-project-group-f\Restaurant Management System\Order.h(22,9): error C2065: 'm_waiter': undeclared identifier
C:\Users\cloop\3D Objects\2022-spring-ee-oop-week9-semester-project-group-f\Restaurant Management System\Order.h(22,28): error C2065: 'waiter': undeclared identifier
C:\Users\cloop\3D Objects\2022-spring-ee-oop-week9-semester-project-group-f\Restaurant Management System\Restaurant Management System.cpp(68,30): error C2440: 'initializing': cannot convert from 'initializer list' to 'Order'
C:\Users\cloop\3D Objects\2022-spring-ee-oop-week9-semester-project-group-f\Restaurant Management System\Restaurant Management System.cpp(68,30): message : No constructor could take the source type, or constructor overload resolution was ambiguous
C:\Users\cloop\3D Objects\2022-spring-ee-oop-week9-semester-project-group-f\Restaurant Management System\Restaurant Management System.cpp(69,32): error C2440: 'initializing': cannot convert from 'initializer list' to 'Order'
C:\Users\cloop\3D Objects\2022-spring-ee-oop-week9-semester-project-group-f\Restaurant Management System\Restaurant Management System.cpp(69,32): message : No constructor could take the source type, or constructor overload resolution was ambiguous
C:\Users\cloop\3D Objects\2022-spring-ee-oop-week9-semester-project-group-f\Restaurant Management System\Restaurant Management System.cpp(70,28): error C2440: 'initializing': cannot convert from 'initializer list' to 'Order'
C:\Users\cloop\3D Objects\2022-spring-ee-oop-week9-semester-project-group-f\Restaurant Management System\Restaurant Management System.cpp(70,28): message : No constructor could take the source type, or constructor overload resolution was ambiguous
C:\Users\cloop\3D Objects\2022-spring-ee-oop-week9-semester-project-group-f\Restaurant Management System\Restaurant Management System.cpp(73,5): error C2065: 'Waiter': undeclared identifier
C:\Users\cloop\3D Objects\2022-spring-ee-oop-week9-semester-project-group-f\Restaurant Management System\Restaurant Management System.cpp(73,12): error C2146: syntax error: missing ';' before identifier 'haleema'
C:\Users\cloop\3D Objects\2022-spring-ee-oop-week9-semester-project-group-f\Restaurant Management System\Restaurant Management System.cpp(73,12): error C2065: 'haleema': undeclared identifier
C:\Users\cloop\3D Objects\2022-spring-ee-oop-week9-semester-project-group-f\Restaurant Management System\Restaurant Management System.cpp(74,5): error C2065: 'Waiter': undeclared identifier
C:\Users\cloop\3D Objects\2022-spring-ee-oop-week9-semester-project-group-f\Restaurant Management System\Restaurant Management System.cpp(74,12): error C2146: syntax error: missing ';' before identifier 'shehryar'
C:\Users\cloop\3D Objects\2022-spring-ee-oop-week9-semester-project-group-f\Restaurant Management System\Restaurant Management System.cpp(74,12): error C2065: 'shehryar': undeclared identifier
C:\Users\cloop\3D Objects\2022-spring-ee-oop-week9-semester-project-group-f\Restaurant Management System\Restaurant Management System.cpp(76,5): error C2065: 'haleema': undeclared identifier
C:\Users\cloop\3D Objects\2022-spring-ee-oop-week9-semester-project-group-f\Restaurant Management System\Restaurant Management System.cpp(78,5): error C2065: 'shehryar': undeclared identifier
C:\Users\cloop\3D Objects\2022-spring-ee-oop-week9-semester-project-group-f\Restaurant Management System\Restaurant Management System.cpp(79,5): error C2065: 'shehryar': undeclared identifier
C:\Users\cloop\3D Objects\2022-spring-ee-oop-week9-semester-project-group-f\Restaurant Management System\Restaurant Management System.cpp(81,13): error C2065: 'haleema': undeclared identifier
C:\Users\cloop\3D Objects\2022-spring-ee-oop-week9-semester-project-group-f\Restaurant Management System\Restaurant Management System.cpp(82,13): error C2065: 'shehryar': undeclared identifier
C:\Users\cloop\3D Objects\2022-spring-ee-oop-week9-semester-project-group-f\Restaurant Management System\Restaurant Management System.cpp(83,20): error C2679: binary '<<': no operator found which takes a right-hand operand of type 'Order' (or there is no acceptable conversion)
C:\Program Files\Microsoft Visual Studio\2022\Community\VC\Tools\MSVC\14.31.31103\include\ostream(471,39): message : could be 'std::basic_ostream<char,std::char_traits<char>> &std::basic_ostream<char,std::char_traits<char>>::operator <<(std::basic_streambuf<char,std::char_traits<char>> *)'
C:\Program Files\Microsoft Visual Studio\2022\Community\VC\Tools\MSVC\14.31.31103\include\ostream(439,39): message : or       'std::basic_ostream<char,std::char_traits<char>> &std::basic_ostream<char,std::char_traits<char>>::operator <<(const void *)'
C:\Program Files\Microsoft Visual Studio\2022\Community\VC\Tools\MSVC\14.31.31103\include\ostream(421,39): message : or       'std::basic_ostream<char,std::char_traits<char>> &std::basic_ostream<char,std::char_traits<char>>::operator <<(long double)'
C:\Program Files\Microsoft Visual Studio\2022\Community\VC\Tools\MSVC\14.31.31103\include\ostream(403,39): message : or       'std::basic_ostream<char,std::char_traits<char>> &std::basic_ostream<char,std::char_traits<char>>::operator <<(double)'
C:\Program Files\Microsoft Visual Studio\2022\Community\VC\Tools\MSVC\14.31.31103\include\ostream(385,39): message : or       'std::basic_ostream<char,std::char_traits<char>> &std::basic_ostream<char,std::char_traits<char>>::operator <<(float)'
C:\Program Files\Microsoft Visual Studio\2022\Community\VC\Tools\MSVC\14.31.31103\include\ostream(367,39): message : or       'std::basic_ostream<char,std::char_traits<char>> &std::basic_ostream<char,std::char_traits<char>>::operator <<(unsigned __int64)'
C:\Program Files\Microsoft Visual Studio\2022\Community\VC\Tools\MSVC\14.31.31103\include\ostream(349,39): message : or       'std::basic_ostream<char,std::char_traits<char>> &std::basic_ostream<char,std::char_traits<char>>::operator <<(__int64)'
C:\Program Files\Microsoft Visual Studio\2022\Community\VC\Tools\MSVC\14.31.31103\include\ostream(331,39): message : or       'std::basic_ostream<char,std::char_traits<char>> &std::basic_ostream<char,std::char_traits<char>>::operator <<(unsigned long)'
C:\Program Files\Microsoft Visual Studio\2022\Community\VC\Tools\MSVC\14.31.31103\include\ostream(313,39): message : or       'std::basic_ostream<char,std::char_traits<char>> &std::basic_ostream<char,std::char_traits<char>>::operator <<(long)'
C:\Program Files\Microsoft Visual Studio\2022\Community\VC\Tools\MSVC\14.31.31103\include\ostream(294,39): message : or       'std::basic_ostream<char,std::char_traits<char>> &std::basic_ostream<char,std::char_traits<char>>::operator <<(unsigned int)'
C:\Program Files\Microsoft Visual Studio\2022\Community\VC\Tools\MSVC\14.31.31103\include\ostream(268,39): message : or       'std::basic_ostream<char,std::char_traits<char>> &std::basic_ostream<char,std::char_traits<char>>::operator <<(int)'
C:\Program Files\Microsoft Visual Studio\2022\Community\VC\Tools\MSVC\14.31.31103\include\ostream(249,39): message : or       'std::basic_ostream<char,std::char_traits<char>> &std::basic_ostream<char,std::char_traits<char>>::operator <<(unsigned short)'
C:\Program Files\Microsoft Visual Studio\2022\Community\VC\Tools\MSVC\14.31.31103\include\ostream(215,39): message : or       'std::basic_ostream<char,std::char_traits<char>> &std::basic_ostream<char,std::char_traits<char>>::operator <<(short)'
C:\Program Files\Microsoft Visual Studio\2022\Community\VC\Tools\MSVC\14.31.31103\include\ostream(197,39): message : or       'std::basic_ostream<char,std::char_traits<char>> &std::basic_ostream<char,std::char_traits<char>>::operator <<(bool)'
C:\Program Files\Microsoft Visual Studio\2022\Community\VC\Tools\MSVC\14.31.31103\include\ostream(192,39): message : or       'std::basic_ostream<char,std::char_traits<char>> &std::basic_ostream<char,std::char_traits<char>>::operator <<(std::ios_base &(__cdecl *)(std::ios_base &))'
C:\Program Files\Microsoft Visual Studio\2022\Community\VC\Tools\MSVC\14.31.31103\include\ostream(187,39): message : or       'std::basic_ostream<char,std::char_traits<char>> &std::basic_ostream<char,std::char_traits<char>>::operator <<(std::basic_ios<char,std::char_traits<char>> &(__cdecl *)(std::basic_ios<char,std::char_traits<char>> &))'
C:\Program Files\Microsoft Visual Studio\2022\Community\VC\Tools\MSVC\14.31.31103\include\ostream(182,39): message : or       'std::basic_ostream<char,std::char_traits<char>> &std::basic_ostream<char,std::char_traits<char>>::operator <<(std::basic_ostream<char,std::char_traits<char>> &(__cdecl *)(std::basic_ostream<char,std::char_traits<char>> &))'
C:\Users\cloop\3D Objects\2022-spring-ee-oop-week9-semester-project-group-f\Restaurant Management System\Restaurant Management System.cpp(83,20): message : while trying to match the argument list '(std::ostream, Order)'
C:\Users\cloop\3D Objects\2022-spring-ee-oop-week9-semester-project-group-f\Restaurant Management System\Restaurant Management System.cpp(84,21): error C2679: binary '<<': no operator found which takes a right-hand operand of type 'Order' (or there is no acceptable conversion)
C:\Program Files\Microsoft Visual Studio\2022\Community\VC\Tools\MSVC\14.31.31103\include\ostream(471,39): message : could be 'std::basic_ostream<char,std::char_traits<char>> &std::basic_ostream<char,std::char_traits<char>>::operator <<(std::basic_streambuf<char,std::char_traits<char>> *)'
C:\Program Files\Microsoft Visual Studio\2022\Community\VC\Tools\MSVC\14.31.31103\include\ostream(439,39): message : or       'std::basic_ostream<char,std::char_traits<char>> &std::basic_ostream<char,std::char_traits<char>>::operator <<(const void *)'
C:\Program Files\Microsoft Visual Studio\2022\Community\VC\Tools\MSVC\14.31.31103\include\ostream(421,39): message : or       'std::basic_ostream<char,std::char_traits<char>> &std::basic_ostream<char,std::char_traits<char>>::operator <<(long double)'
C:\Program Files\Microsoft Visual Studio\2022\Community\VC\Tools\MSVC\14.31.31103\include\ostream(403,39): message : or       'std::basic_ostream<char,std::char_traits<char>> &std::basic_ostream<char,std::char_traits<char>>::operator <<(double)'
C:\Program Files\Microsoft Visual Studio\2022\Community\VC\Tools\MSVC\14.31.31103\include\ostream(385,39): message : or       'std::basic_ostream<char,std::char_traits<char>> &std::basic_ostream<char,std::char_traits<char>>::operator <<(float)'
C:\Program Files\Microsoft Visual Studio\2022\Community\VC\Tools\MSVC\14.31.31103\include\ostream(367,39): message : or       'std::basic_ostream<char,std::char_traits<char>> &std::basic_ostream<char,std::char_traits<char>>::operator <<(unsigned __int64)'
C:\Program Files\Microsoft Visual Studio\2022\Community\VC\Tools\MSVC\14.31.31103\include\ostream(349,39): message : or       'std::basic_ostream<char,std::char_traits<char>> &std::basic_ostream<char,std::char_traits<char>>::operator <<(__int64)'
C:\Program Files\Microsoft Visual Studio\2022\Community\VC\Tools\MSVC\14.31.31103\include\ostream(331,39): message : or       'std::basic_ostream<char,std::char_traits<char>> &std::basic_ostream<char,std::char_traits<char>>::operator <<(unsigned long)'
C:\Program Files\Microsoft Visual Studio\2022\Community\VC\Tools\MSVC\14.31.31103\include\ostream(313,39): message : or       'std::basic_ostream<char,std::char_traits<char>> &std::basic_ostream<char,std::char_traits<char>>::operator <<(long)'
C:\Program Files\Microsoft Visual Studio\2022\Community\VC\Tools\MSVC\14.31.31103\include\ostream(294,39): message : or       'std::basic_ostream<char,std::char_traits<char>> &std::basic_ostream<char,std::char_traits<char>>::operator <<(unsigned int)'
C:\Program Files\Microsoft Visual Studio\2022\Community\VC\Tools\MSVC\14.31.31103\include\ostream(268,39): message : or       'std::basic_ostream<char,std::char_traits<char>> &std::basic_ostream<char,std::char_traits<char>>::operator <<(int)'
C:\Program Files\Microsoft Visual Studio\2022\Community\VC\Tools\MSVC\14.31.31103\include\ostream(249,39): message : or       'std::basic_ostream<char,std::char_traits<char>> &std::basic_ostream<char,std::char_traits<char>>::operator <<(unsigned short)'
C:\Program Files\Microsoft Visual Studio\2022\Community\VC\Tools\MSVC\14.31.31103\include\ostream(215,39): message : or       'std::basic_ostream<char,std::char_traits<char>> &std::basic_ostream<char,std::char_traits<char>>::operator <<(short)'
C:\Program Files\Microsoft Visual Studio\2022\Community\VC\Tools\MSVC\14.31.31103\include\ostream(197,39): message : or       'std::basic_ostream<char,std::char_traits<char>> &std::basic_ostream<char,std::char_traits<char>>::operator <<(bool)'
C:\Program Files\Microsoft Visual Studio\2022\Community\VC\Tools\MSVC\14.31.31103\include\ostream(192,39): message : or       'std::basic_ostream<char,std::char_traits<char>> &std::basic_ostream<char,std::char_traits<char>>::operator <<(std::ios_base &(__cdecl *)(std::ios_base &))'
C:\Program Files\Microsoft Visual Studio\2022\Community\VC\Tools\MSVC\14.31.31103\include\ostream(187,39): message : or       'std::basic_ostream<char,std::char_traits<char>> &std::basic_ostream<char,std::char_traits<char>>::operator <<(std::basic_ios<char,std::char_traits<char>> &(__cdecl *)(std::basic_ios<char,std::char_traits<char>> &))'
C:\Program Files\Microsoft Visual Studio\2022\Community\VC\Tools\MSVC\14.31.31103\include\ostream(182,39): message : or       'std::basic_ostream<char,std::char_traits<char>> &std::basic_ostream<char,std::char_traits<char>>::operator <<(std::basic_ostream<char,std::char_traits<char>> &(__cdecl *)(std::basic_ostream<char,std::char_traits<char>> &))'
C:\Users\cloop\3D Objects\2022-spring-ee-oop-week9-semester-project-group-f\Restaurant Management System\Restaurant Management System.cpp(84,21): message : while trying to match the argument list '(std::ostream, Order)'
C:\Users\cloop\3D Objects\2022-spring-ee-oop-week9-semester-project-group-f\Restaurant Management System\Restaurant Management System.cpp(85,19): error C2679: binary '<<': no operator found which takes a right-hand operand of type 'Order' (or there is no acceptable conversion)
C:\Program Files\Microsoft Visual Studio\2022\Community\VC\Tools\MSVC\14.31.31103\include\ostream(471,39): message : could be 'std::basic_ostream<char,std::char_traits<char>> &std::basic_ostream<char,std::char_traits<char>>::operator <<(std::basic_streambuf<char,std::char_traits<char>> *)'
C:\Program Files\Microsoft Visual Studio\2022\Community\VC\Tools\MSVC\14.31.31103\include\ostream(439,39): message : or       'std::basic_ostream<char,std::char_traits<char>> &std::basic_ostream<char,std::char_traits<char>>::operator <<(const void *)'
C:\Program Files\Microsoft Visual Studio\2022\Community\VC\Tools\MSVC\14.31.31103\include\ostream(421,39): message : or       'std::basic_ostream<char,std::char_traits<char>> &std::basic_ostream<char,std::char_traits<char>>::operator <<(long double)'
C:\Program Files\Microsoft Visual Studio\2022\Community\VC\Tools\MSVC\14.31.31103\include\ostream(403,39): message : or       'std::basic_ostream<char,std::char_traits<char>> &std::basic_ostream<char,std::char_traits<char>>::operator <<(double)'
C:\Program Files\Microsoft Visual Studio\2022\Community\VC\Tools\MSVC\14.31.31103\include\ostream(385,39): message : or       'std::basic_ostream<char,std::char_traits<char>> &std::basic_ostream<char,std::char_traits<char>>::operator <<(float)'
C:\Program Files\Microsoft Visual Studio\2022\Community\VC\Tools\MSVC\14.31.31103\include\ostream(367,39): message : or       'std::basic_ostream<char,std::char_traits<char>> &std::basic_ostream<char,std::char_traits<char>>::operator <<(unsigned __int64)'
C:\Program Files\Microsoft Visual Studio\2022\Community\VC\Tools\MSVC\14.31.31103\include\ostream(349,39): message : or       'std::basic_ostream<char,std::char_traits<char>> &std::basic_ostream<char,std::char_traits<char>>::operator <<(__int64)'
C:\Program Files\Microsoft Visual Studio\2022\Community\VC\Tools\MSVC\14.31.31103\include\ostream(331,39): message : or       'std::basic_ostream<char,std::char_traits<char>> &std::basic_ostream<char,std::char_traits<char>>::operator <<(unsigned long)'
C:\Program Files\Microsoft Visual Studio\2022\Community\VC\Tools\MSVC\14.31.31103\include\ostream(313,39): message : or       'std::basic_ostream<char,std::char_traits<char>> &std::basic_ostream<char,std::char_traits<char>>::operator <<(long)'
C:\Program Files\Microsoft Visual Studio\2022\Community\VC\Tools\MSVC\14.31.31103\include\ostream(294,39): message : or       'std::basic_ostream<char,std::char_traits<char>> &std::basic_ostream<char,std::char_traits<char>>::operator <<(unsigned int)'
C:\Program Files\Microsoft Visual Studio\2022\Community\VC\Tools\MSVC\14.31.31103\include\ostream(268,39): message : or       'std::basic_ostream<char,std::char_traits<char>> &std::basic_ostream<char,std::char_traits<char>>::operator <<(int)'
C:\Program Files\Microsoft Visual Studio\2022\Community\VC\Tools\MSVC\14.31.31103\include\ostream(249,39): message : or       'std::basic_ostream<char,std::char_traits<char>> &std::basic_ostream<char,std::char_traits<char>>::operator <<(unsigned short)'
C:\Program Files\Microsoft Visual Studio\2022\Community\VC\Tools\MSVC\14.31.31103\include\ostream(215,39): message : or       'std::basic_ostream<char,std::char_traits<char>> &std::basic_ostream<char,std::char_traits<char>>::operator <<(short)'
C:\Program Files\Microsoft Visual Studio\2022\Community\VC\Tools\MSVC\14.31.31103\include\ostream(197,39): message : or       'std::basic_ostream<char,std::char_traits<char>> &std::basic_ostream<char,std::char_traits<char>>::operator <<(bool)'
C:\Program Files\Microsoft Visual Studio\2022\Community\VC\Tools\MSVC\14.31.31103\include\ostream(192,39): message : or       'std::basic_ostream<char,std::char_traits<char>> &std::basic_ostream<char,std::char_traits<char>>::operator <<(std::ios_base &(__cdecl *)(std::ios_base &))'
C:\Program Files\Microsoft Visual Studio\2022\Community\VC\Tools\MSVC\14.31.31103\include\ostream(187,39): message : or       'std::basic_ostream<char,std::char_traits<char>> &std::basic_ostream<char,std::char_traits<char>>::operator <<(std::basic_ios<char,std::char_traits<char>> &(__cdecl *)(std::basic_ios<char,std::char_traits<char>> &))'
C:\Program Files\Microsoft Visual Studio\2022\Community\VC\Tools\MSVC\14.31.31103\include\ostream(182,39): message : or       'std::basic_ostream<char,std::char_traits<char>> &std::basic_ostream<char,std::char_traits<char>>::operator <<(std::basic_ostream<char,std::char_traits<char>> &(__cdecl *)(std::basic_ostream<char,std::char_traits<char>> &))'
C:\Users\cloop\3D Objects\2022-spring-ee-oop-week9-semester-project-group-f\Restaurant Management System\Restaurant Management System.cpp(85,19): message : while trying to match the argument list '(std::ostream, Order)'
  Table.cpp
  Waiter.cpp
C:\Users\cloop\3D Objects\2022-spring-ee-oop-week9-semester-project-group-f\Restaurant Management System\Order.h(19,52): error C4430: missing type specifier - int assumed. Note: C++ does not support default-int
C:\Users\cloop\3D Objects\2022-spring-ee-oop-week9-semester-project-group-f\Restaurant Management System\Order.h(19,46): error C2146: syntax error: missing '>' before identifier 'Waiter'
C:\Users\cloop\3D Objects\2022-spring-ee-oop-week9-semester-project-group-f\Restaurant Management System\Order.h(20,32): error C4430: missing type specifier - int assumed. Note: C++ does not support default-int
C:\Users\cloop\3D Objects\2022-spring-ee-oop-week9-semester-project-group-f\Restaurant Management System\Order.h(20,32): error C2143: syntax error: missing ',' before '&'
C:\Users\cloop\3D Objects\2022-spring-ee-oop-week9-semester-project-group-f\Restaurant Management System\Order.h(22,28): error C2065: 'waiter': undeclared identifier
C:\Users\cloop\3D Objects\2022-spring-ee-oop-week9-semester-project-group-f\Restaurant Management System\Waiter.cpp(11,23): error C2664: 'void Order::addWaiter(const int)': cannot convert argument 1 from 'Waiter' to 'const int'
C:\Users\cloop\3D Objects\2022-spring-ee-oop-week9-semester-project-group-f\Restaurant Management System\Waiter.cpp(11,18): message : No user-defined-conversion operator available that can perform this conversion, or the operator cannot be called
C:\Users\cloop\3D Objects\2022-spring-ee-oop-week9-semester-project-group-f\Restaurant Management System\Order.h(20,10): message : see declaration of 'Order::addWaiter'
C:\Users\cloop\3D Objects\2022-spring-ee-oop-week9-semester-project-group-f\Restaurant Management System\Waiter.cpp(24,22): error C2039: 'getName': is not a member of 'Order'
C:\Users\cloop\3D Objects\2022-spring-ee-oop-week9-semester-project-group-f\Restaurant Management System\Order.h(7): message : see declaration of 'Order'
  Generating Code...
